<?xml version="1.0" encoding="UTF-8"?>
<testng-results ignored="0" total="12" passed="11" failed="1" skipped="0">
  <reporter-output>
  </reporter-output>
  <suite started-at="2021-05-03T11:58:53 IST" name="Pet Store" finished-at="2021-05-03T11:59:41 IST" duration-ms="47808">
    <groups>
    </groups>
    <test started-at="2021-05-03T11:58:53 IST" name="Pet Tests" finished-at="2021-05-03T11:59:41 IST" duration-ms="47808">
      <class name="com.zooplus.tests.PetTests">
        <test-method is-config="true" signature="setBaseUri()[pri:0, instance:com.zooplus.tests.PetTests@7133da86]" started-at="2021-05-03T11:58:52 IST" name="setBaseUri" finished-at="2021-05-03T11:58:53 IST" duration-ms="1758" status="PASS">
          <reporter-output>
          </reporter-output>
        </test-method> <!-- setBaseUri -->
        <test-method is-config="true" signature="createPetPayLoad()[pri:0, instance:com.zooplus.tests.PetTests@7133da86]" started-at="2021-05-03T11:58:53 IST" name="createPetPayLoad" finished-at="2021-05-03T11:58:53 IST" duration-ms="10" status="PASS">
          <reporter-output>
          </reporter-output>
        </test-method> <!-- createPetPayLoad -->
        <test-method signature="createPetTest()[pri:0, instance:com.zooplus.tests.PetTests@7133da86]" started-at="2021-05-03T11:58:54 IST" name="createPetTest" finished-at="2021-05-03T11:59:02 IST" duration-ms="8114" status="PASS">
          <reporter-output>
          </reporter-output>
        </test-method> <!-- createPetTest -->
        <test-method signature="deleteInvalidPetTest()[pri:0, instance:com.zooplus.tests.PetTests@7133da86]" started-at="2021-05-03T11:59:02 IST" name="deleteInvalidPetTest" finished-at="2021-05-03T11:59:06 IST" duration-ms="4169" status="PASS">
          <reporter-output>
          </reporter-output>
        </test-method> <!-- deleteInvalidPetTest -->
        <test-method signature="deletePetTest()[pri:0, instance:com.zooplus.tests.PetTests@7133da86]" started-at="2021-05-03T11:59:06 IST" name="deletePetTest" finished-at="2021-05-03T11:59:09 IST" duration-ms="3575" status="PASS">
          <reporter-output>
          </reporter-output>
        </test-method> <!-- deletePetTest -->
        <test-method signature="getInvalidPetByIdTest()[pri:0, instance:com.zooplus.tests.PetTests@7133da86]" started-at="2021-05-03T11:59:09 IST" name="getInvalidPetByIdTest" finished-at="2021-05-03T11:59:13 IST" duration-ms="3701" status="PASS">
          <reporter-output>
          </reporter-output>
        </test-method> <!-- getInvalidPetByIdTest -->
        <test-method signature="getPetByIdTest()[pri:0, instance:com.zooplus.tests.PetTests@7133da86]" started-at="2021-05-03T11:59:13 IST" name="getPetByIdTest" finished-at="2021-05-03T11:59:16 IST" duration-ms="2769" status="PASS">
          <reporter-output>
          </reporter-output>
        </test-method> <!-- getPetByIdTest -->
        <test-method signature="getPetByStatusTest()[pri:0, instance:com.zooplus.tests.PetTests@7133da86]" started-at="2021-05-03T11:59:16 IST" name="getPetByStatusTest" finished-at="2021-05-03T11:59:18 IST" duration-ms="2506" status="PASS">
          <reporter-output>
          </reporter-output>
        </test-method> <!-- getPetByStatusTest -->
        <test-method signature="getPetByTagsTest()[pri:0, instance:com.zooplus.tests.PetTests@7133da86]" started-at="2021-05-03T11:59:18 IST" name="getPetByTagsTest" finished-at="2021-05-03T11:59:19 IST" duration-ms="980" status="PASS">
          <reporter-output>
          </reporter-output>
        </test-method> <!-- getPetByTagsTest -->
        <test-method signature="updateInvalidPetFormDataTest()[pri:0, instance:com.zooplus.tests.PetTests@7133da86]" started-at="2021-05-03T11:59:19 IST" name="updateInvalidPetFormDataTest" finished-at="2021-05-03T11:59:23 IST" duration-ms="3750" status="PASS">
          <reporter-output>
          </reporter-output>
        </test-method> <!-- updateInvalidPetFormDataTest -->
        <test-method signature="updateInvalidPetTest()[pri:0, instance:com.zooplus.tests.PetTests@7133da86]" started-at="2021-05-03T11:59:23 IST" name="updateInvalidPetTest" finished-at="2021-05-03T11:59:26 IST" duration-ms="2864" status="FAIL">
          <exception class="java.lang.AssertionError">
            <message>
              <![CDATA[expected [404] but found [200]]]>
            </message>
            <full-stacktrace>
              <![CDATA[java.lang.AssertionError: expected [404] but found [200]
at org.testng.Assert.fail(Assert.java:99)
at org.testng.Assert.failNotEquals(Assert.java:1037)
at org.testng.Assert.assertEqualsImpl(Assert.java:140)
at org.testng.Assert.assertEquals(Assert.java:122)
at org.testng.Assert.assertEquals(Assert.java:907)
at org.testng.Assert.assertEquals(Assert.java:917)
at com.zooplus.tests.PetTests.updateInvalidPetTest(PetTests.java:121)
at java.base/jdk.internal.reflect.NativeMethodAccessorImpl.invoke0(Native Method)
at java.base/jdk.internal.reflect.NativeMethodAccessorImpl.invoke(NativeMethodAccessorImpl.java:64)
at java.base/jdk.internal.reflect.DelegatingMethodAccessorImpl.invoke(DelegatingMethodAccessorImpl.java:43)
at java.base/java.lang.reflect.Method.invoke(Method.java:564)
at org.testng.internal.MethodInvocationHelper.invokeMethod(MethodInvocationHelper.java:133)
at org.testng.internal.TestInvoker.invokeMethod(TestInvoker.java:598)
at org.testng.internal.TestInvoker.invokeTestMethod(TestInvoker.java:173)
at org.testng.internal.MethodRunner.runInSequence(MethodRunner.java:46)
at org.testng.internal.TestInvoker$MethodInvocationAgent.invoke(TestInvoker.java:824)
at org.testng.internal.TestInvoker.invokeTestMethods(TestInvoker.java:146)
at org.testng.internal.TestMethodWorker.invokeTestMethods(TestMethodWorker.java:146)
at org.testng.internal.TestMethodWorker.run(TestMethodWorker.java:128)
at java.base/java.util.ArrayList.forEach(ArrayList.java:1511)
at org.testng.TestRunner.privateRun(TestRunner.java:794)
at org.testng.TestRunner.run(TestRunner.java:596)
at org.testng.SuiteRunner.runTest(SuiteRunner.java:377)
at org.testng.SuiteRunner.runSequentially(SuiteRunner.java:371)
at org.testng.SuiteRunner.privateRun(SuiteRunner.java:332)
at org.testng.SuiteRunner.run(SuiteRunner.java:276)
at org.testng.SuiteRunnerWorker.runSuite(SuiteRunnerWorker.java:53)
at org.testng.SuiteRunnerWorker.run(SuiteRunnerWorker.java:96)
at org.testng.TestNG.runSuitesSequentially(TestNG.java:1212)
at org.testng.TestNG.runSuitesLocally(TestNG.java:1134)
at org.testng.TestNG.runSuites(TestNG.java:1063)
at org.testng.TestNG.run(TestNG.java:1031)
at org.testng.remote.AbstractRemoteTestNG.run(AbstractRemoteTestNG.java:115)
at org.testng.remote.RemoteTestNG.initAndRun(RemoteTestNG.java:251)
at org.testng.remote.RemoteTestNG.main(RemoteTestNG.java:77)
]]>
            </full-stacktrace>
          </exception> <!-- java.lang.AssertionError -->
          <reporter-output>
          </reporter-output>
        </test-method> <!-- updateInvalidPetTest -->
        <test-method signature="updatePetFormDataTest()[pri:0, instance:com.zooplus.tests.PetTests@7133da86]" started-at="2021-05-03T11:59:26 IST" name="updatePetFormDataTest" finished-at="2021-05-03T11:59:33 IST" duration-ms="6979" status="PASS">
          <reporter-output>
          </reporter-output>
        </test-method> <!-- updatePetFormDataTest -->
        <test-method signature="updatePetTest()[pri:0, instance:com.zooplus.tests.PetTests@7133da86]" started-at="2021-05-03T11:59:33 IST" name="updatePetTest" finished-at="2021-05-03T11:59:37 IST" duration-ms="3987" status="PASS">
          <reporter-output>
          </reporter-output>
        </test-method> <!-- updatePetTest -->
        <test-method signature="uploadImageTest()[pri:0, instance:com.zooplus.tests.PetTests@7133da86]" started-at="2021-05-03T11:59:37 IST" name="uploadImageTest" finished-at="2021-05-03T11:59:41 IST" duration-ms="4295" status="PASS">
          <reporter-output>
          </reporter-output>
        </test-method> <!-- uploadImageTest -->
      </class> <!-- com.zooplus.tests.PetTests -->
    </test> <!-- Pet Tests -->
  </suite> <!-- Pet Store -->
</testng-results>
