<?xml version="1.0" encoding="UTF-8"?>
<!-- Generated by org.testng.reporters.JUnitReportReporter -->
<testsuite hostname="MSI" failures="1" tests="12" name="com.zooplus.tests.PetTests" time="47.689" errors="0" timestamp="2021-05-03T11:59:42 IST" skipped="0">
  <testcase classname="com.zooplus.tests.PetTests" name="updatePetFormDataTest" time="6.979"/>
  <system-out/>
  <testcase classname="com.zooplus.tests.PetTests" name="uploadImageTest" time="4.295"/>
  <system-out/>
  <testcase classname="com.zooplus.tests.PetTests" name="getPetByStatusTest" time="2.506"/>
  <system-out/>
  <testcase classname="com.zooplus.tests.PetTests" name="createPetTest" time="8.114"/>
  <system-out/>
  <testcase classname="com.zooplus.tests.PetTests" name="deleteInvalidPetTest" time="4.169"/>
  <system-out/>
  <testcase classname="com.zooplus.tests.PetTests" name="updatePetTest" time="3.987"/>
  <system-out/>
  <testcase classname="com.zooplus.tests.PetTests" name="deletePetTest" time="3.575"/>
  <system-out/>
  <testcase classname="com.zooplus.tests.PetTests" name="updateInvalidPetFormDataTest" time="3.750"/>
  <system-out/>
  <testcase classname="com.zooplus.tests.PetTests" name="updateInvalidPetTest" time="2.864">
    <failure message="expected [404] but found [200]" type="java.lang.AssertionError">
      <![CDATA[java.lang.AssertionError: expected [404] but found [200]
at org.testng.Assert.fail(Assert.java:99)
at org.testng.Assert.failNotEquals(Assert.java:1037)
at org.testng.Assert.assertEqualsImpl(Assert.java:140)
at org.testng.Assert.assertEquals(Assert.java:122)
at org.testng.Assert.assertEquals(Assert.java:907)
at org.testng.Assert.assertEquals(Assert.java:917)
at com.zooplus.tests.PetTests.updateInvalidPetTest(PetTests.java:121)
at java.base/jdk.internal.reflect.NativeMethodAccessorImpl.invoke0(Native Method)
at java.base/jdk.internal.reflect.NativeMethodAccessorImpl.invoke(NativeMethodAccessorImpl.java:64)
at java.base/jdk.internal.reflect.DelegatingMethodAccessorImpl.invoke(DelegatingMethodAccessorImpl.java:43)
at java.base/java.lang.reflect.Method.invoke(Method.java:564)
at org.testng.internal.MethodInvocationHelper.invokeMethod(MethodInvocationHelper.java:133)
at org.testng.internal.TestInvoker.invokeMethod(TestInvoker.java:598)
at org.testng.internal.TestInvoker.invokeTestMethod(TestInvoker.java:173)
at org.testng.internal.MethodRunner.runInSequence(MethodRunner.java:46)
at org.testng.internal.TestInvoker$MethodInvocationAgent.invoke(TestInvoker.java:824)
at org.testng.internal.TestInvoker.invokeTestMethods(TestInvoker.java:146)
at org.testng.internal.TestMethodWorker.invokeTestMethods(TestMethodWorker.java:146)
at org.testng.internal.TestMethodWorker.run(TestMethodWorker.java:128)
at java.base/java.util.ArrayList.forEach(ArrayList.java:1511)
at org.testng.TestRunner.privateRun(TestRunner.java:794)
at org.testng.TestRunner.run(TestRunner.java:596)
at org.testng.SuiteRunner.runTest(SuiteRunner.java:377)
at org.testng.SuiteRunner.runSequentially(SuiteRunner.java:371)
at org.testng.SuiteRunner.privateRun(SuiteRunner.java:332)
at org.testng.SuiteRunner.run(SuiteRunner.java:276)
at org.testng.SuiteRunnerWorker.runSuite(SuiteRunnerWorker.java:53)
at org.testng.SuiteRunnerWorker.run(SuiteRunnerWorker.java:96)
at org.testng.TestNG.runSuitesSequentially(TestNG.java:1212)
at org.testng.TestNG.runSuitesLocally(TestNG.java:1134)
at org.testng.TestNG.runSuites(TestNG.java:1063)
at org.testng.TestNG.run(TestNG.java:1031)
at org.testng.remote.AbstractRemoteTestNG.run(AbstractRemoteTestNG.java:115)
at org.testng.remote.RemoteTestNG.initAndRun(RemoteTestNG.java:251)
at org.testng.remote.RemoteTestNG.main(RemoteTestNG.java:77)
]]>
    </failure>
  </testcase> <!-- updateInvalidPetTest -->
  <system-out/>
  <testcase classname="com.zooplus.tests.PetTests" name="getPetByTagsTest" time="0.980"/>
  <system-out/>
  <testcase classname="com.zooplus.tests.PetTests" name="getInvalidPetByIdTest" time="3.701"/>
  <system-out/>
  <testcase classname="com.zooplus.tests.PetTests" name="getPetByIdTest" time="2.769"/>
  <system-out/>
</testsuite> <!-- com.zooplus.tests.PetTests -->
